<?xml version="1.0" encoding="UTF-8"?>
<testsuite name="com.hcl.interviews.RomanNumberConverterFixture" tests="1" skipped="0" failures="0" errors="0" timestamp="2017-12-26T06:44:53" hostname="WL309638" time="1.455">
  <properties/>
  <testcase name="numberToRomanAcceptanceTests" classname="com.hcl.interviews.RomanNumberConverterFixture" time="1.455"/>
  <system-out><![CDATA[2017-12-26T12:14:53.565 | est worker | ClasspathStoryFinder | DEBUG  - Searching for stories called roman-number-converter.story in [C:\Users\waniiamo\eclipse-workspace\Assessment\build\classes\test, C:\Users\waniiamo\eclipse-workspace\Assessment\build\resources\test, C:\Users\waniiamo\eclipse-workspace\Assessment\build\classes\main] 
2017-12-26T12:14:53.580 | est worker | aviouralTestEmbedder | DEBUG  - Running BehaviouralTestEmbedder with spring_stories [file:/C:/Users/waniiamo/eclipse-workspace/Assessment/build/resources/test/stories/roman-number-converter.story] 
Processing system properties {}
Using controls EmbedderControls[batch=false,skip=false,generateViewAfterStories=true,ignoreFailureInStories=false,ignoreFailureInView=false,verboseFailures=false,verboseFiltering=false,storyTimeoutInSecs=300,threads=1]

(BeforeStories)

Running story file:/C:/Users/waniiamo/eclipse-workspace/Assessment/build/resources/test/stories/roman-number-converter.story
Story: Roman Number Converter
(file:/C:/Users/waniiamo/eclipse-workspace/Assessment/build/resources/test/stories/roman-number-converter.story)
Meta:
@scope interview

Scenario: 1
When input number is 1
Then corresponding roman representation is I

Scenario: 2
When input number is 5
Then corresponding roman representation is V

Scenario: 3
When input number is 10
Then corresponding roman representation is X

Scenario: 4
When input number is 400
Then corresponding roman representation is CD



(AfterStories)

Generating reports view to 'C:\Users\waniiamo\eclipse-workspace\Assessment\build\classes\jbehave' using formats '[stats, xml, html, console]' and view properties '{defaultFormats=stats, decorateNonHtml=true, viewDirectory=view, decorated=ftl/jbehave-report-decorated.ftl, reports=ftl/jbehave-reports-with-totals.ftl, maps=ftl/jbehave-maps.ftl, navigator=ftl/jbehave-navigator.ftl, views=ftl/jbehave-views.ftl, nonDecorated=ftl/jbehave-report-non-decorated.ftl}'
Reports view generated with 1 stories (of which 0 pending) containing 4 scenarios (of which 0 pending)
]]></system-out>
  <system-err><![CDATA[]]></system-err>
</testsuite>
